[11:36:23] INFO NETWORK_CONN | nginx event: network conn
[11:36:25] INFO FILE_ACCESS | sshd event: file access
[11:36:25] INFO LOGIN_SUCCESS | User 'john' authenticated via systemd
[11:36:28] INFO LOGIN_SUCCESS | User 'alice' authenticated via systemd
[11:36:29] INFO NETWORK_CONN | sshd event: network conn
[11:36:31] WARNING PRIVILEGE_ESCALATION | User 'admin' executed 'sudo' command
[11:36:33] INFO DNS_QUERY | vsftpd event: dns query
[11:36:34] INFO PROCESS_START | vsftpd event: process start
[11:36:36] INFO LOGIN_SUCCESS | User 'admin' authenticated via cron
[11:36:38] INFO LOGIN_SUCCESS | User 'system' authenticated via cron
[11:36:39] WARNING PRIVILEGE_ESCALATION | User 'service' executed 'sudo' command
[11:36:41] INFO DNS_QUERY | cron event: dns query
[11:36:41] INFO FILE_ACCESS | apache2 event: file access
[11:36:44] INFO DNS_QUERY | apache2 event: dns query
[11:36:46] WARNING LOGIN_FAILURE | Failed login for 'root' from 192.168.1.43
[11:36:48] WARNING LOGIN_FAILURE | Failed login for 'root' from 192.168.1.185
[11:36:50] WARNING LOGIN_FAILURE | Failed login for 'root' from 192.168.1.37
[11:36:51] WARNING HTTP_REQUEST | HTTP 301 /.env
[11:36:53] WARNING HTTP_REQUEST | HTTP 200 /.env
[11:36:55] INFO DNS_QUERY | apache2 event: dns query
[11:36:58] WARNING LOGIN_FAILURE | Failed login for 'guest' from 192.168.1.201
[11:37:00] INFO HTTP_REQUEST | HTTP 404 /api/v1/users
[11:37:01] WARNING PRIVILEGE_ESCALATION | User 'john' executed 'sudo' command
[11:37:03] WARNING CONFIG_CHANGE | Config file modified: /etc/hosts
[11:37:03] INFO PROCESS_START | vsftpd event: process start
[11:37:05] INFO FIREWALL_BLOCK | Blocked inbound 13.67.189.234:22
[11:37:05] INFO FILE_ACCESS | mysql event: file access
[11:37:07] WARNING CONFIG_CHANGE | Config file modified: /var/www/html/config.php
[11:37:08] INFO LOGIN_SUCCESS | User 'system' authenticated via vsftpd
[11:37:09] INFO FIREWALL_BLOCK | Blocked inbound 5.251.97.169:3306
[11:37:11] INFO FILE_ACCESS | systemd event: file access
[11:37:13] INFO PROCESS_START | sshd event: process start
[11:37:14] INFO DNS_QUERY | vsftpd event: dns query
[11:37:16] INFO FIREWALL_BLOCK | Blocked inbound 250.9.183.83:3306
[11:37:17] WARNING PRIVILEGE_ESCALATION | User 'admin' executed 'sudo' command
[11:37:19] WARNING CONFIG_CHANGE | Config file modified: /etc/hosts
[11:37:21] WARNING HTTP_REQUEST | HTTP 403 /wp-admin
[11:37:21] INFO FIREWALL_BLOCK | Blocked inbound 247.118.27.178:23
[11:37:24] WARNING LOGIN_FAILURE | Failed login for 'guest' from 192.168.1.74
[11:37:26] INFO FILE_ACCESS | cron event: file access
[11:37:27] WARNING PRIVILEGE_ESCALATION | User 'guest' executed 'sudo' command
[11:37:30] INFO HTTP_REQUEST | HTTP 404 /login
[11:37:31] INFO PROCESS_START | vsftpd event: process start
[11:37:32] INFO DNS_QUERY | mysql event: dns query
[11:37:33] WARNING LOGIN_FAILURE | Failed login for 'guest' from 192.168.1.128
[11:37:35] INFO LOGIN_SUCCESS | User 'system' authenticated via systemd
[11:37:36] INFO LOGIN_SUCCESS | User 'alice' authenticated via systemd
[11:37:37] INFO DNS_QUERY | nginx event: dns query
[11:37:40] WARNING CONFIG_CHANGE | Config file modified: /etc/passwd
[11:37:41] WARNING LOGIN_FAILURE | Failed login for 'system' from 192.168.1.204
[11:37:42] INFO LOGIN_SUCCESS | User 'root' authenticated via nginx
[11:37:44] INFO LOGIN_SUCCESS | User 'system' authenticated via systemd
[11:37:46] WARNING HTTP_REQUEST | HTTP 403 /.env
[11:37:47] WARNING LOGIN_FAILURE | Failed login for 'service' from 192.168.1.74
[11:37:48] WARNING LOGIN_FAILURE | Failed login for 'john' from 192.168.1.10
[11:37:49] INFO FIREWALL_BLOCK | Blocked inbound 125.152.50.30:23
[11:37:50] INFO LOGIN_SUCCESS | User 'alice' authenticated via systemd
[11:37:51] INFO DNS_QUERY | sshd event: dns query
[11:37:53] INFO LOGIN_SUCCESS | User 'guest' authenticated via nginx
[22:33:54] INFO FILE_ACCESS | apache2 event: file access
[22:33:56] INFO LOGIN_SUCCESS | User 'admin' authenticated via apache2
[22:33:57] INFO DNS_QUERY | apache2 event: dns query
[22:33:57] WARNING LOGIN_FAILURE | Failed login for 'service' from 192.168.1.24
[22:33:59] WARNING LOGIN_FAILURE | Failed login for 'guest' from 192.168.1.109
[22:34:02] WARNING CONFIG_CHANGE | Config file modified: /etc/hosts
[22:34:02] WARNING CONFIG_CHANGE | Config file modified: /etc/hosts
[22:34:03] INFO FIREWALL_BLOCK | Blocked inbound 80.4.12.58:22
[22:34:04] INFO NETWORK_CONN | systemd event: network conn
[22:34:05] INFO FIREWALL_BLOCK | Blocked inbound 254.254.59.210:1433
[22:34:06] INFO FILE_ACCESS | cron event: file access
[22:34:07] WARNING LOGIN_FAILURE | Failed login for 'guest' from 192.168.1.88
[22:34:08] WARNING PRIVILEGE_ESCALATION | User 'service' executed 'sudo' command
[22:34:10] WARNING LOGIN_FAILURE | Failed login for 'service' from 192.168.1.70
[22:34:11] WARNING PRIVILEGE_ESCALATION | User 'guest' executed 'sudo' command
[22:34:13] INFO FIREWALL_BLOCK | Blocked inbound 18.98.213.195:22
[22:34:15] WARNING CONFIG_CHANGE | Config file modified: /etc/hosts
[22:34:15] WARNING LOGIN_FAILURE | Failed login for 'alice' from 192.168.1.24
[22:34:16] INFO HTTP_REQUEST | HTTP 200 /api/v1/users
[22:34:17] INFO FILE_ACCESS | sshd event: file access
[22:34:19] WARNING CONFIG_CHANGE | Config file modified: /var/www/html/config.php
[22:34:22] WARNING CONFIG_CHANGE | Config file modified: /var/www/html/config.php
[22:34:23] INFO NETWORK_CONN | sshd event: network conn
[22:34:25] INFO LOGIN_SUCCESS | User 'admin' authenticated via vsftpd
[22:34:26] INFO PROCESS_START | sshd event: process start
[22:34:27] INFO DNS_QUERY | vsftpd event: dns query
[22:34:29] INFO PROCESS_START | cron event: process start
[22:34:31] INFO LOGIN_SUCCESS | User 'guest' authenticated via sshd
[22:34:32] INFO PROCESS_START | vsftpd event: process start
[22:34:33] INFO NETWORK_CONN | systemd event: network conn
[22:34:34] INFO NETWORK_CONN | mysql event: network conn
[22:34:36] WARNING CONFIG_CHANGE | Config file modified: /etc/ssh/sshd_config
[22:34:37] INFO PROCESS_START | cron event: process start
[22:34:39] INFO NETWORK_CONN | cron event: network conn
[22:34:40] WARNING LOGIN_FAILURE | Failed login for 'root' from 192.168.1.61
[22:34:41] INFO FIREWALL_BLOCK | Blocked inbound 198.3.160.240:3306
[22:34:43] INFO FIREWALL_BLOCK | Blocked inbound 132.28.219.69:1433
[22:34:45] INFO LOGIN_SUCCESS | User 'system' authenticated via cron
[22:34:46] INFO LOGIN_SUCCESS | User 'root' authenticated via nginx
[22:34:48] WARNING CONFIG_CHANGE | Config file modified: /etc/passwd
[22:34:50] INFO NETWORK_CONN | nginx event: network conn
[22:34:52] WARNING PRIVILEGE_ESCALATION | User 'system' executed 'sudo' command
[22:34:54] WARNING PRIVILEGE_ESCALATION | User 'service' executed 'sudo' command
[22:34:55] WARNING PRIVILEGE_ESCALATION | User 'service' executed 'sudo' command
[22:34:56] INFO LOGIN_SUCCESS | User 'john' authenticated via mysql
[22:34:57] WARNING HTTP_REQUEST | HTTP 500 /
[22:34:59] INFO NETWORK_CONN | cron event: network conn
[22:35:00] INFO FILE_ACCESS | vsftpd event: file access
[22:35:00] INFO HTTP_REQUEST | HTTP 301 /admin
[22:35:01] INFO HTTP_REQUEST | HTTP 200 /admin
[22:35:02] INFO DNS_QUERY | vsftpd event: dns query
[22:35:04] INFO PROCESS_START | apache2 event: process start
[22:35:05] INFO FILE_ACCESS | mysql event: file access
[22:35:06] INFO LOGIN_SUCCESS | User 'service' authenticated via mysql
[22:35:07] INFO LOGIN_SUCCESS | User 'john' authenticated via apache2
[22:35:07] INFO LOGIN_SUCCESS | User 'guest' authenticated via cron
[22:35:08] WARNING HTTP_REQUEST | HTTP 404 /.env
[22:35:09] INFO NETWORK_CONN | cron event: network conn
[22:35:10] INFO DNS_QUERY | apache2 event: dns query
[22:35:11] WARNING PRIVILEGE_ESCALATION | User 'john' executed 'sudo' command
[22:35:12] INFO LOGIN_SUCCESS | User 'alice' authenticated via nginx
[22:35:14] INFO LOGIN_SUCCESS | User 'system' authenticated via systemd
[22:35:15] INFO FIREWALL_BLOCK | Blocked inbound 8.132.23.34:445
[22:35:16] INFO LOGIN_SUCCESS | User 'guest' authenticated via cron
[22:35:16] INFO LOGIN_SUCCESS | User 'root' authenticated via systemd
[22:35:18] INFO FIREWALL_BLOCK | Blocked inbound 111.175.166.252:3389
[22:35:19] WARNING LOGIN_FAILURE | Failed login for 'service' from 192.168.1.128
[22:35:22] INFO FILE_ACCESS | mysql event: file access
[22:35:23] INFO FILE_ACCESS | apache2 event: file access
[22:35:24] INFO FILE_ACCESS | vsftpd event: file access
[22:35:27] INFO HTTP_REQUEST | HTTP 200 /
[22:35:29] INFO FIREWALL_BLOCK | Blocked inbound 172.3.34.104:23
[22:35:31] WARNING PRIVILEGE_ESCALATION | User 'root' executed 'sudo' command
[22:35:32] INFO NETWORK_CONN | mysql event: network conn
[22:35:33] WARNING CONFIG_CHANGE | Config file modified: /var/www/html/config.php
[22:35:34] INFO LOGIN_SUCCESS | User 'system' authenticated via nginx
[22:35:36] INFO LOGIN_SUCCESS | User 'admin' authenticated via vsftpd
[22:35:37] WARNING PRIVILEGE_ESCALATION | User 'guest' executed 'sudo' command
[22:35:38] INFO PROCESS_START | cron event: process start
[22:35:39] WARNING LOGIN_FAILURE | Failed login for 'guest' from 192.168.1.52
[22:35:41] INFO DNS_QUERY | sshd event: dns query
[22:35:42] INFO DNS_QUERY | nginx event: dns query
[22:35:44] INFO HTTP_REQUEST | HTTP 404 /admin
[22:35:46] WARNING CONFIG_CHANGE | Config file modified: /etc/sudoers
[22:35:47] WARNING LOGIN_FAILURE | Failed login for 'service' from 192.168.1.221
[22:35:48] INFO PROCESS_START | nginx event: process start
[22:35:51] INFO HTTP_REQUEST | HTTP 200 /api/v1/users
[22:35:52] WARNING CONFIG_CHANGE | Config file modified: /etc/ssh/sshd_config
[22:35:54] WARNING LOGIN_FAILURE | Failed login for 'admin' from 192.168.1.241
[22:35:55] WARNING LOGIN_FAILURE | Failed login for 'guest' from 192.168.1.176
[22:35:56] WARNING CONFIG_CHANGE | Config file modified: /var/www/html/config.php
[22:35:56] INFO DNS_QUERY | sshd event: dns query
[22:35:59] WARNING LOGIN_FAILURE | Failed login for 'service' from 192.168.1.171
[22:36:00] INFO DNS_QUERY | vsftpd event: dns query
[22:36:01] INFO LOGIN_SUCCESS | User 'john' authenticated via cron
[22:36:02] INFO FIREWALL_BLOCK | Blocked inbound 103.127.204.98:1433
[22:36:04] WARNING PRIVILEGE_ESCALATION | User 'service' executed 'sudo' command
[22:36:06] WARNING PRIVILEGE_ESCALATION | User 'root' executed 'sudo' command
[22:36:07] INFO NETWORK_CONN | systemd event: network conn
[22:36:09] WARNING PRIVILEGE_ESCALATION | User 'service' executed 'sudo' command
[22:36:10] INFO FIREWALL_BLOCK | Blocked inbound 57.48.154.158:3389
[22:36:12] INFO LOGIN_SUCCESS | User 'root' authenticated via vsftpd
[22:36:13] INFO PROCESS_START | sshd event: process start
[22:36:16] INFO PROCESS_START | sshd event: process start
[22:36:18] INFO NETWORK_CONN | cron event: network conn
[22:36:19] WARNING PRIVILEGE_ESCALATION | User 'guest' executed 'sudo' command
[22:36:21] INFO NETWORK_CONN | apache2 event: network conn
[22:36:22] INFO PROCESS_START | nginx event: process start
[22:36:24] WARNING LOGIN_FAILURE | Failed login for 'admin' from 192.168.1.111
[22:36:24] WARNING PRIVILEGE_ESCALATION | User 'service' executed 'sudo' command
[22:36:27] WARNING LOGIN_FAILURE | Failed login for 'alice' from 192.168.1.159
[22:36:28] INFO HTTP_REQUEST | HTTP 404 /api/v1/users
[22:36:30] INFO NETWORK_CONN | cron event: network conn
[22:36:32] INFO DNS_QUERY | sshd event: dns query
[22:36:33] INFO DNS_QUERY | mysql event: dns query
[22:36:34] INFO PROCESS_START | sshd event: process start
[22:36:35] INFO LOGIN_SUCCESS | User 'service' authenticated via systemd
[22:36:38] INFO PROCESS_START | apache2 event: process start
[22:36:39] WARNING PRIVILEGE_ESCALATION | User 'guest' executed 'sudo' command
[22:36:40] INFO FIREWALL_BLOCK | Blocked inbound 235.48.114.208:3306
[22:36:42] WARNING CONFIG_CHANGE | Config file modified: /var/www/html/config.php
[22:36:43] INFO HTTP_REQUEST | HTTP 200 /admin
[22:36:44] WARNING CONFIG_CHANGE | Config file modified: /etc/passwd
[22:36:45] INFO FIREWALL_BLOCK | Blocked inbound 139.82.131.58:23
[22:36:46] INFO NETWORK_CONN | sshd event: network conn
[22:36:47] WARNING PRIVILEGE_ESCALATION | User 'alice' executed 'sudo' command
[22:36:49] INFO FILE_ACCESS | cron event: file access
[22:36:51] INFO LOGIN_SUCCESS | User 'system' authenticated via cron
[22:36:53] INFO PROCESS_START | sshd event: process start
[22:36:55] INFO LOGIN_SUCCESS | User 'system' authenticated via cron
[22:36:57] INFO DNS_QUERY | sshd event: dns query
[22:36:59] WARNING PRIVILEGE_ESCALATION | User 'admin' executed 'sudo' command
[22:37:00] WARNING HTTP_REQUEST | HTTP 200 /wp-admin
[22:37:01] INFO LOGIN_SUCCESS | User 'guest' authenticated via sshd
[22:37:02] WARNING PRIVILEGE_ESCALATION | User 'guest' executed 'sudo' command
[22:37:03] WARNING LOGIN_FAILURE | Failed login for 'guest' from 192.168.1.138
[22:37:05] WARNING CONFIG_CHANGE | Config file modified: /var/www/html/config.php
[22:37:07] WARNING LOGIN_FAILURE | Failed login for 'service' from 192.168.1.217
[22:37:09] INFO DNS_QUERY | cron event: dns query
[22:37:11] WARNING PRIVILEGE_ESCALATION | User 'guest' executed 'sudo' command
[22:37:13] INFO DNS_QUERY | sshd event: dns query
[22:37:15] WARNING HTTP_REQUEST | HTTP 500 /login
[22:37:15] WARNING PRIVILEGE_ESCALATION | User 'guest' executed 'sudo' command
[22:37:16] WARNING PRIVILEGE_ESCALATION | User 'service' executed 'sudo' command
[22:37:18] INFO DNS_QUERY | sshd event: dns query
[22:37:20] WARNING LOGIN_FAILURE | Failed login for 'admin' from 192.168.1.76
[22:37:21] WARNING LOGIN_FAILURE | Failed login for 'alice' from 192.168.1.27
[22:37:23] INFO FILE_ACCESS | nginx event: file access
[22:37:25] INFO LOGIN_SUCCESS | User 'guest' authenticated via sshd
[22:37:27] INFO HTTP_REQUEST | HTTP 301 /api/v1/users
[22:37:29] INFO FIREWALL_BLOCK | Blocked inbound 83.81.68.125:23
[22:37:30] INFO FILE_ACCESS | sshd event: file access
[22:37:31] INFO FIREWALL_BLOCK | Blocked inbound 30.78.20.174:22
[22:37:33] WARNING PRIVILEGE_ESCALATION | User 'admin' executed 'sudo' command
[22:37:36] WARNING CONFIG_CHANGE | Config file modified: /var/www/html/config.php
[22:37:38] INFO FILE_ACCESS | systemd event: file access
[22:37:40] INFO PROCESS_START | apache2 event: process start
[22:37:41] INFO DNS_QUERY | systemd event: dns query
[22:37:42] WARNING PRIVILEGE_ESCALATION | User 'john' executed 'sudo' command
[22:37:44] INFO FILE_ACCESS | systemd event: file access
[22:37:45] INFO NETWORK_CONN | apache2 event: network conn
[22:37:46] INFO DNS_QUERY | systemd event: dns query
[22:37:48] WARNING HTTP_REQUEST | HTTP 200 /wp-admin
[22:37:48] INFO LOGIN_SUCCESS | User 'root' authenticated via vsftpd
[22:37:49] WARNING LOGIN_FAILURE | Failed login for 'guest' from 192.168.1.240
[22:37:50] INFO NETWORK_CONN | nginx event: network conn
[22:37:51] WARNING LOGIN_FAILURE | Failed login for 'system' from 192.168.1.186
[22:37:52] WARNING LOGIN_FAILURE | Failed login for 'service' from 192.168.1.118
[22:37:54] INFO PROCESS_START | vsftpd event: process start
[22:37:56] INFO HTTP_REQUEST | HTTP 200 /api/v1/users
[22:37:57] INFO LOGIN_SUCCESS | User 'alice' authenticated via nginx
[22:37:58] INFO FIREWALL_BLOCK | Blocked inbound 106.169.107.231:3306
[22:37:58] INFO DNS_QUERY | cron event: dns query
[22:38:00] WARNING PRIVILEGE_ESCALATION | User 'system' executed 'sudo' command
[22:38:01] INFO FILE_ACCESS | sshd event: file access
[22:38:02] INFO PROCESS_START | apache2 event: process start
[22:38:04] WARNING CONFIG_CHANGE | Config file modified: /etc/hosts
[22:38:06] INFO DNS_QUERY | cron event: dns query
[22:38:06] INFO FILE_ACCESS | apache2 event: file access
[22:38:07] INFO FIREWALL_BLOCK | Blocked inbound 152.144.116.62:3389
[22:38:08] WARNING CONFIG_CHANGE | Config file modified: /etc/passwd
[22:38:11] INFO LOGIN_SUCCESS | User 'john' authenticated via systemd
[22:38:12] INFO FILE_ACCESS | vsftpd event: file access
[22:38:14] INFO FIREWALL_BLOCK | Blocked inbound 242.210.30.92:3389
[22:38:16] INFO PROCESS_START | sshd event: process start
[22:38:19] INFO NETWORK_CONN | sshd event: network conn
[22:38:20] WARNING PRIVILEGE_ESCALATION | User 'admin' executed 'sudo' command
[22:38:21] INFO LOGIN_SUCCESS | User 'root' authenticated via mysql
[22:38:24] INFO NETWORK_CONN | vsftpd event: network conn
[22:38:24] INFO NETWORK_CONN | cron event: network conn
[22:38:27] INFO DNS_QUERY | vsftpd event: dns query
[22:38:28] INFO DNS_QUERY | mysql event: dns query
[22:38:29] WARNING PRIVILEGE_ESCALATION | User 'guest' executed 'sudo' command
[22:38:31] WARNING PRIVILEGE_ESCALATION | User 'admin' executed 'sudo' command
[22:38:32] WARNING LOGIN_FAILURE | Failed login for 'root' from 192.168.1.246
[22:38:33] INFO DNS_QUERY | cron event: dns query
[22:38:34] INFO FIREWALL_BLOCK | Blocked inbound 178.131.97.191:3306
[22:38:36] INFO LOGIN_SUCCESS | User 'root' authenticated via vsftpd
[22:38:38] INFO FILE_ACCESS | vsftpd event: file access
[22:38:39] WARNING PRIVILEGE_ESCALATION | User 'john' executed 'sudo' command
[22:38:41] INFO DNS_QUERY | apache2 event: dns query
[22:38:42] WARNING CONFIG_CHANGE | Config file modified: /etc/hosts
[22:38:43] WARNING PRIVILEGE_ESCALATION | User 'service' executed 'sudo' command
[22:38:45] INFO HTTP_REQUEST | HTTP 404 /api/v1/users
[22:38:46] INFO PROCESS_START | nginx event: process start
[22:38:47] WARNING PRIVILEGE_ESCALATION | User 'service' executed 'sudo' command
[22:38:48] INFO HTTP_REQUEST | HTTP 200 /login
[22:38:50] INFO DNS_QUERY | sshd event: dns query
[22:38:51] INFO DNS_QUERY | nginx event: dns query
[22:38:53] INFO LOGIN_SUCCESS | User 'john' authenticated via cron
[22:38:54] INFO NETWORK_CONN | vsftpd event: network conn
[22:38:55] WARNING CONFIG_CHANGE | Config file modified: /etc/sudoers
[22:38:57] WARNING PRIVILEGE_ESCALATION | User 'system' executed 'sudo' command
[22:38:59] WARNING PRIVILEGE_ESCALATION | User 'system' executed 'sudo' command
[22:39:01] INFO DNS_QUERY | vsftpd event: dns query
[22:39:02] INFO DNS_QUERY | nginx event: dns query
[22:39:04] INFO FILE_ACCESS | vsftpd event: file access
[22:39:07] INFO FIREWALL_BLOCK | Blocked inbound 166.249.139.26:3306
[22:39:08] INFO PROCESS_START | cron event: process start
[22:39:08] INFO FIREWALL_BLOCK | Blocked inbound 247.230.146.4:3389
[22:39:11] INFO PROCESS_START | nginx event: process start
[22:39:12] INFO FILE_ACCESS | apache2 event: file access
[22:39:14] INFO DNS_QUERY | vsftpd event: dns query
[22:39:16] WARNING PRIVILEGE_ESCALATION | User 'root' executed 'sudo' command
[22:39:17] INFO LOGIN_SUCCESS | User 'alice' authenticated via systemd
[22:39:18] INFO NETWORK_CONN | nginx event: network conn
[22:39:20] INFO DNS_QUERY | mysql event: dns query
[22:39:22] WARNING LOGIN_FAILURE | Failed login for 'alice' from 192.168.1.83
[22:39:25] WARNING CONFIG_CHANGE | Config file modified: /etc/sudoers
[22:39:25] WARNING CONFIG_CHANGE | Config file modified: /var/www/html/config.php
[22:39:27] WARNING LOGIN_FAILURE | Failed login for 'admin' from 192.168.1.217
[22:39:28] WARNING CONFIG_CHANGE | Config file modified: /etc/hosts
[22:39:30] INFO DNS_QUERY | systemd event: dns query
[22:39:31] INFO FILE_ACCESS | mysql event: file access
[22:39:34] INFO PROCESS_START | cron event: process start
[22:39:35] WARNING PRIVILEGE_ESCALATION | User 'root' executed 'sudo' command
[22:39:35] INFO LOGIN_SUCCESS | User 'system' authenticated via mysql
[22:39:36] WARNING PRIVILEGE_ESCALATION | User 'root' executed 'sudo' command
[22:39:37] INFO PROCESS_START | mysql event: process start
[22:39:38] WARNING CONFIG_CHANGE | Config file modified: /etc/hosts
[22:39:39] WARNING CONFIG_CHANGE | Config file modified: /etc/hosts
[22:39:41] INFO PROCESS_START | mysql event: process start
[22:39:42] WARNING CONFIG_CHANGE | Config file modified: /var/www/html/config.php
[22:39:44] INFO NETWORK_CONN | systemd event: network conn
[22:39:45] INFO PROCESS_START | vsftpd event: process start
[22:39:46] WARNING LOGIN_FAILURE | Failed login for 'system' from 192.168.1.47
[22:39:46] INFO DNS_QUERY | mysql event: dns query
[22:39:48] INFO FILE_ACCESS | nginx event: file access
[22:39:49] INFO FILE_ACCESS | nginx event: file access
[22:39:51] WARNING PRIVILEGE_ESCALATION | User 'system' executed 'sudo' command
[22:39:52] INFO FIREWALL_BLOCK | Blocked inbound 36.157.141.204:3389
[22:39:53] INFO FILE_ACCESS | apache2 event: file access
[22:39:55] INFO FILE_ACCESS | systemd event: file access
[22:39:57] INFO DNS_QUERY | sshd event: dns query
[22:39:59] WARNING HTTP_REQUEST | HTTP 403 /wp-admin
[22:40:00] INFO LOGIN_SUCCESS | User 'john' authenticated via mysql
[22:40:02] WARNING PRIVILEGE_ESCALATION | User 'admin' executed 'sudo' command
[22:40:03] INFO PROCESS_START | sshd event: process start
[22:40:06] INFO DNS_QUERY | vsftpd event: dns query
[22:40:06] INFO NETWORK_CONN | nginx event: network conn
[22:40:09] INFO PROCESS_START | mysql event: process start
[22:40:10] INFO FIREWALL_BLOCK | Blocked inbound 51.186.249.203:445
[22:40:11] INFO PROCESS_START | apache2 event: process start
[22:40:13] WARNING CONFIG_CHANGE | Config file modified: /etc/ssh/sshd_config
[22:40:15] INFO HTTP_REQUEST | HTTP 200 /
[22:40:16] WARNING CONFIG_CHANGE | Config file modified: /etc/ssh/sshd_config
[22:40:18] WARNING PRIVILEGE_ESCALATION | User 'admin' executed 'sudo' command
[22:40:20] INFO FIREWALL_BLOCK | Blocked inbound 12.5.24.184:445
[22:40:22] INFO NETWORK_CONN | systemd event: network conn
[22:40:24] INFO LOGIN_SUCCESS | User 'john' authenticated via nginx
[22:40:25] INFO FILE_ACCESS | apache2 event: file access
[22:40:27] INFO DNS_QUERY | nginx event: dns query
[22:40:29] INFO NETWORK_CONN | vsftpd event: network conn
[22:40:31] INFO FIREWALL_BLOCK | Blocked inbound 224.217.28.174:3306
[22:40:33] INFO NETWORK_CONN | nginx event: network conn
[22:40:35] INFO FIREWALL_BLOCK | Blocked inbound 67.88.138.194:445
[22:40:36] INFO LOGIN_SUCCESS | User 'service' authenticated via cron
[22:40:37] WARNING CONFIG_CHANGE | Config file modified: /etc/passwd
[22:40:38] INFO HTTP_REQUEST | HTTP 301 /
[22:40:39] WARNING CONFIG_CHANGE | Config file modified: /var/www/html/config.php
[22:40:41] WARNING LOGIN_FAILURE | Failed login for 'john' from 192.168.1.133
[22:40:43] WARNING CONFIG_CHANGE | Config file modified: /etc/ssh/sshd_config
[22:40:44] INFO LOGIN_SUCCESS | User 'admin' authenticated via nginx
[22:40:46] WARNING LOGIN_FAILURE | Failed login for 'service' from 192.168.1.65
[22:40:47] WARNING CONFIG_CHANGE | Config file modified: /etc/sudoers
[22:40:49] WARNING HTTP_REQUEST | HTTP 500 /
[22:40:50] WARNING CONFIG_CHANGE | Config file modified: /etc/ssh/sshd_config
[22:40:51] INFO NETWORK_CONN | nginx event: network conn
[22:40:51] INFO DNS_QUERY | vsftpd event: dns query
[22:40:53] WARNING LOGIN_FAILURE | Failed login for 'root' from 192.168.1.123
[22:40:54] INFO NETWORK_CONN | mysql event: network conn
[22:40:57] INFO HTTP_REQUEST | HTTP 301 /login
[22:40:58] INFO DNS_QUERY | apache2 event: dns query
[22:40:59] INFO NETWORK_CONN | vsftpd event: network conn
[22:41:01] INFO NETWORK_CONN | systemd event: network conn
[22:41:03] WARNING PRIVILEGE_ESCALATION | User 'alice' executed 'sudo' command
[22:41:04] WARNING HTTP_REQUEST | HTTP 200 /.env
[22:41:05] WARNING PRIVILEGE_ESCALATION | User 'john' executed 'sudo' command
[22:41:06] WARNING LOGIN_FAILURE | Failed login for 'system' from 192.168.1.249
[22:41:09] INFO FILE_ACCESS | sshd event: file access
[22:41:10] WARNING PRIVILEGE_ESCALATION | User 'system' executed 'sudo' command
[22:41:12] INFO HTTP_REQUEST | HTTP 404 /admin
[22:41:14] INFO PROCESS_START | cron event: process start
[22:41:15] INFO PROCESS_START | sshd event: process start
[22:41:16] INFO PROCESS_START | apache2 event: process start
[22:41:18] WARNING LOGIN_FAILURE | Failed login for 'alice' from 192.168.1.183
[22:41:19] WARNING PRIVILEGE_ESCALATION | User 'system' executed 'sudo' command
[22:41:20] INFO FILE_ACCESS | apache2 event: file access
[22:41:21] WARNING PRIVILEGE_ESCALATION | User 'guest' executed 'sudo' command
[22:41:22] INFO NETWORK_CONN | systemd event: network conn
[22:41:23] INFO NETWORK_CONN | nginx event: network conn
[22:41:24] WARNING PRIVILEGE_ESCALATION | User 'alice' executed 'sudo' command
[22:41:26] WARNING CONFIG_CHANGE | Config file modified: /var/www/html/config.php
[22:41:28] INFO FILE_ACCESS | nginx event: file access
[22:41:30] INFO DNS_QUERY | vsftpd event: dns query
[22:41:31] WARNING CONFIG_CHANGE | Config file modified: /etc/ssh/sshd_config
[22:41:33] INFO PROCESS_START | apache2 event: process start
[22:41:34] WARNING CONFIG_CHANGE | Config file modified: /etc/sudoers
[22:41:36] WARNING LOGIN_FAILURE | Failed login for 'guest' from 192.168.1.65
[22:41:36] INFO NETWORK_CONN | vsftpd event: network conn
[22:41:37] WARNING HTTP_REQUEST | HTTP 403 /login
[22:41:39] INFO DNS_QUERY | mysql event: dns query
[22:41:41] INFO PROCESS_START | systemd event: process start
[22:41:42] INFO HTTP_REQUEST | HTTP 404 /admin
[22:41:43] WARNING PRIVILEGE_ESCALATION | User 'john' executed 'sudo' command
[22:41:45] INFO NETWORK_CONN | cron event: network conn
[22:41:46] WARNING LOGIN_FAILURE | Failed login for 'service' from 192.168.1.206
[22:41:49] INFO FIREWALL_BLOCK | Blocked inbound 20.219.96.66:1433
[22:41:50] WARNING LOGIN_FAILURE | Failed login for 'system' from 192.168.1.98
[22:41:52] WARNING PRIVILEGE_ESCALATION | User 'root' executed 'sudo' command
[22:41:53] WARNING CONFIG_CHANGE | Config file modified: /etc/sudoers
[22:41:56] INFO LOGIN_SUCCESS | User 'root' authenticated via systemd
[22:41:57] INFO NETWORK_CONN | cron event: network conn
[22:41:58] WARNING LOGIN_FAILURE | Failed login for 'alice' from 192.168.1.154
[22:42:00] INFO NETWORK_CONN | apache2 event: network conn
[22:42:02] INFO FILE_ACCESS | systemd event: file access
[22:42:04] INFO DNS_QUERY | nginx event: dns query
[22:42:06] INFO FILE_ACCESS | nginx event: file access
[22:42:08] INFO PROCESS_START | cron event: process start
[22:42:10] WARNING PRIVILEGE_ESCALATION | User 'service' executed 'sudo' command
[22:42:12] WARNING CONFIG_CHANGE | Config file modified: /etc/passwd
[22:42:12] INFO LOGIN_SUCCESS | User 'guest' authenticated via apache2
[22:42:14] INFO PROCESS_START | nginx event: process start
[22:42:16] INFO DNS_QUERY | sshd event: dns query
[22:42:16] INFO PROCESS_START | sshd event: process start
[22:42:17] INFO DNS_QUERY | sshd event: dns query
[22:42:18] INFO PROCESS_START | vsftpd event: process start
[22:42:19] INFO FILE_ACCESS | sshd event: file access
[22:42:21] WARNING PRIVILEGE_ESCALATION | User 'guest' executed 'sudo' command
[22:42:23] WARNING PRIVILEGE_ESCALATION | User 'service' executed 'sudo' command
[22:42:23] WARNING CONFIG_CHANGE | Config file modified: /etc/passwd
[22:42:25] INFO HTTP_REQUEST | HTTP 404 /login
[22:42:27] INFO NETWORK_CONN | nginx event: network conn
[22:42:28] INFO DNS_QUERY | nginx event: dns query
[22:42:30] WARNING LOGIN_FAILURE | Failed login for 'service' from 192.168.1.223
[22:42:32] INFO FIREWALL_BLOCK | Blocked inbound 183.240.201.92:23
[22:42:34] WARNING LOGIN_FAILURE | Failed login for 'admin' from 192.168.1.27
[22:42:36] WARNING PRIVILEGE_ESCALATION | User 'root' executed 'sudo' command
[22:42:38] INFO NETWORK_CONN | sshd event: network conn
[22:42:39] INFO HTTP_REQUEST | HTTP 200 /
[22:42:40] INFO FIREWALL_BLOCK | Blocked inbound 243.248.47.168:445
[22:42:41] INFO FILE_ACCESS | vsftpd event: file access
[22:42:43] INFO PROCESS_START | mysql event: process start
[22:42:46] INFO FILE_ACCESS | mysql event: file access
[22:42:46] WARNING CONFIG_CHANGE | Config file modified: /var/www/html/config.php
[22:42:48] INFO FILE_ACCESS | mysql event: file access
[22:42:49] INFO FIREWALL_BLOCK | Blocked inbound 167.150.132.107:445
[22:42:51] INFO DNS_QUERY | cron event: dns query
[22:42:53] INFO NETWORK_CONN | apache2 event: network conn
[22:42:55] WARNING HTTP_REQUEST | HTTP 500 /admin
[22:42:56] WARNING HTTP_REQUEST | HTTP 403 /api/v1/users
[22:42:57] INFO NETWORK_CONN | systemd event: network conn
[22:42:59] INFO FILE_ACCESS | mysql event: file access
[22:43:00] WARNING LOGIN_FAILURE | Failed login for 'system' from 192.168.1.197
[22:43:01] INFO FIREWALL_BLOCK | Blocked inbound 25.12.248.64:23
[22:43:03] INFO FIREWALL_BLOCK | Blocked inbound 155.84.106.76:445
[22:43:04] INFO LOGIN_SUCCESS | User 'admin' authenticated via nginx
[22:43:05] INFO FILE_ACCESS | vsftpd event: file access
[22:43:06] INFO LOGIN_SUCCESS | User 'admin' authenticated via mysql
[22:43:08] WARNING CONFIG_CHANGE | Config file modified: /etc/ssh/sshd_config
[22:43:09] INFO FIREWALL_BLOCK | Blocked inbound 112.82.112.245:1433
[22:43:10] INFO LOGIN_SUCCESS | User 'guest' authenticated via mysql
[22:43:13] WARNING CONFIG_CHANGE | Config file modified: /etc/sudoers
[22:43:15] INFO NETWORK_CONN | cron event: network conn
[22:43:16] INFO NETWORK_CONN | mysql event: network conn
[22:43:17] INFO DNS_QUERY | vsftpd event: dns query
[22:43:19] WARNING CONFIG_CHANGE | Config file modified: /var/www/html/config.php
[22:43:20] INFO NETWORK_CONN | systemd event: network conn
[22:43:22] WARNING LOGIN_FAILURE | Failed login for 'admin' from 192.168.1.190
[22:43:23] INFO FILE_ACCESS | apache2 event: file access
[22:43:24] WARNING CONFIG_CHANGE | Config file modified: /etc/passwd
[22:43:26] INFO PROCESS_START | apache2 event: process start
[22:43:28] INFO HTTP_REQUEST | HTTP 200 /login
[22:43:30] INFO FILE_ACCESS | mysql event: file access
[22:43:31] WARNING CONFIG_CHANGE | Config file modified: /etc/hosts
[22:43:32] INFO FILE_ACCESS | systemd event: file access
[22:43:34] INFO FIREWALL_BLOCK | Blocked inbound 66.202.239.219:445
[22:43:36] INFO FILE_ACCESS | nginx event: file access
[22:43:37] WARNING CONFIG_CHANGE | Config file modified: /etc/ssh/sshd_config
[22:43:38] INFO FILE_ACCESS | systemd event: file access
[22:43:39] INFO PROCESS_START | sshd event: process start
[22:43:42] INFO FILE_ACCESS | apache2 event: file access
[22:43:44] INFO HTTP_REQUEST | HTTP 301 /
[22:43:45] INFO LOGIN_SUCCESS | User 'john' authenticated via systemd
[22:43:47] INFO PROCESS_START | mysql event: process start
[22:43:48] INFO FILE_ACCESS | sshd event: file access
[22:43:50] INFO FILE_ACCESS | nginx event: file access
[22:43:52] WARNING LOGIN_FAILURE | Failed login for 'root' from 192.168.1.47
[22:43:53] INFO DNS_QUERY | apache2 event: dns query
[22:43:54] INFO NETWORK_CONN | cron event: network conn
[22:43:56] INFO PROCESS_START | nginx event: process start
[22:43:57] WARNING CONFIG_CHANGE | Config file modified: /etc/ssh/sshd_config
[22:43:58] INFO NETWORK_CONN | sshd event: network conn
[22:43:59] INFO FIREWALL_BLOCK | Blocked inbound 172.145.84.112:3306
[22:44:01] INFO DNS_QUERY | systemd event: dns query
[22:44:03] INFO PROCESS_START | nginx event: process start
[22:44:05] INFO PROCESS_START | apache2 event: process start
[22:44:07] INFO LOGIN_SUCCESS | User 'system' authenticated via sshd
[22:44:09] WARNING HTTP_REQUEST | HTTP 200 /wp-admin
[22:44:11] WARNING LOGIN_FAILURE | Failed login for 'guest' from 192.168.1.145
[22:44:11] WARNING PRIVILEGE_ESCALATION | User 'john' executed 'sudo' command
[22:44:14] WARNING LOGIN_FAILURE | Failed login for 'guest' from 192.168.1.56
[22:44:16] WARNING LOGIN_FAILURE | Failed login for 'service' from 192.168.1.120
[22:44:18] INFO NETWORK_CONN | systemd event: network conn
[22:44:19] INFO LOGIN_SUCCESS | User 'john' authenticated via sshd
[22:44:20] INFO PROCESS_START | sshd event: process start
[22:44:20] WARNING CONFIG_CHANGE | Config file modified: /var/www/html/config.php
[22:44:21] WARNING PRIVILEGE_ESCALATION | User 'service' executed 'sudo' command
[22:44:22] WARNING LOGIN_FAILURE | Failed login for 'system' from 192.168.1.123
[22:44:24] INFO FILE_ACCESS | systemd event: file access
[22:44:25] INFO FIREWALL_BLOCK | Blocked inbound 46.196.118.218:23
[22:44:27] WARNING CONFIG_CHANGE | Config file modified: /etc/passwd
[22:44:29] WARNING LOGIN_FAILURE | Failed login for 'john' from 192.168.1.212
[22:44:30] INFO NETWORK_CONN | mysql event: network conn
[22:44:31] INFO HTTP_REQUEST | HTTP 200 /login
[22:44:32] INFO DNS_QUERY | vsftpd event: dns query
[22:44:34] WARNING PRIVILEGE_ESCALATION | User 'guest' executed 'sudo' command
[22:44:36] INFO PROCESS_START | mysql event: process start
[22:44:38] INFO PROCESS_START | cron event: process start
[22:44:40] INFO FIREWALL_BLOCK | Blocked inbound 130.37.248.225:445
[22:44:41] INFO PROCESS_START | apache2 event: process start
[22:44:42] INFO DNS_QUERY | vsftpd event: dns query
[22:44:43] INFO PROCESS_START | nginx event: process start
[22:44:44] INFO FIREWALL_BLOCK | Blocked inbound 250.136.63.31:1433
[22:44:46] WARNING PRIVILEGE_ESCALATION | User 'admin' executed 'sudo' command
[22:44:48] WARNING LOGIN_FAILURE | Failed login for 'alice' from 192.168.1.200
[22:44:49] INFO DNS_QUERY | nginx event: dns query
[22:44:51] INFO NETWORK_CONN | cron event: network conn
[22:44:53] INFO FILE_ACCESS | vsftpd event: file access
[22:44:55] WARNING PRIVILEGE_ESCALATION | User 'guest' executed 'sudo' command
[22:44:57] WARNING PRIVILEGE_ESCALATION | User 'system' executed 'sudo' command
[22:44:59] INFO DNS_QUERY | sshd event: dns query
[22:45:01] WARNING PRIVILEGE_ESCALATION | User 'system' executed 'sudo' command
[22:45:03] INFO NETWORK_CONN | cron event: network conn
[22:45:04] INFO DNS_QUERY | sshd event: dns query
[22:45:05] INFO FILE_ACCESS | nginx event: file access
[22:45:06] WARNING CONFIG_CHANGE | Config file modified: /etc/ssh/sshd_config
[22:45:08] WARNING HTTP_REQUEST | HTTP 403 /api/v1/users
[22:45:09] INFO HTTP_REQUEST | HTTP 301 /api/v1/users
[22:45:10] WARNING CONFIG_CHANGE | Config file modified: /var/www/html/config.php
[22:45:12] INFO DNS_QUERY | cron event: dns query
[22:45:13] INFO PROCESS_START | mysql event: process start
[22:45:16] INFO HTTP_REQUEST | HTTP 200 /admin
[22:45:18] INFO PROCESS_START | nginx event: process start
[22:45:19] INFO DNS_QUERY | nginx event: dns query
[22:45:21] INFO FILE_ACCESS | cron event: file access
[22:45:23] INFO FIREWALL_BLOCK | Blocked inbound 64.200.216.53:23
[22:45:24] INFO NETWORK_CONN | systemd event: network conn
[22:45:25] WARNING LOGIN_FAILURE | Failed login for 'john' from 192.168.1.232
[22:45:26] INFO LOGIN_SUCCESS | User 'system' authenticated via cron
[22:45:27] INFO FIREWALL_BLOCK | Blocked inbound 149.120.223.61:3306
[22:45:29] WARNING HTTP_REQUEST | HTTP 500 /admin
[22:45:31] INFO PROCESS_START | mysql event: process start
[22:45:32] WARNING CONFIG_CHANGE | Config file modified: /etc/sudoers
[22:45:34] WARNING HTTP_REQUEST | HTTP 500 /login
[22:45:36] WARNING LOGIN_FAILURE | Failed login for 'alice' from 192.168.1.60
[22:45:38] WARNING PRIVILEGE_ESCALATION | User 'admin' executed 'sudo' command
[22:45:39] WARNING LOGIN_FAILURE | Failed login for 'admin' from 192.168.1.202
[22:45:40] INFO LOGIN_SUCCESS | User 'service' authenticated via vsftpd
[22:45:42] WARNING PRIVILEGE_ESCALATION | User 'system' executed 'sudo' command
[22:45:44] INFO FILE_ACCESS | apache2 event: file access
[22:45:46] INFO FIREWALL_BLOCK | Blocked inbound 40.195.23.220:3306
[22:45:48] WARNING PRIVILEGE_ESCALATION | User 'admin' executed 'sudo' command
[22:45:48] INFO DNS_QUERY | nginx event: dns query
[22:45:50] INFO FILE_ACCESS | vsftpd event: file access
[22:45:51] INFO FIREWALL_BLOCK | Blocked inbound 223.48.127.107:23
[22:45:52] INFO FILE_ACCESS | systemd event: file access
[22:45:55] INFO HTTP_REQUEST | HTTP 301 /admin
[22:45:56] WARNING PRIVILEGE_ESCALATION | User 'system' executed 'sudo' command
[22:45:58] INFO FILE_ACCESS | apache2 event: file access
[22:46:00] INFO NETWORK_CONN | apache2 event: network conn
[22:46:01] INFO FILE_ACCESS | cron event: file access
[22:46:02] INFO LOGIN_SUCCESS | User 'admin' authenticated via vsftpd
[22:46:04] WARNING LOGIN_FAILURE | Failed login for 'admin' from 192.168.1.115
[22:46:05] WARNING CONFIG_CHANGE | Config file modified: /var/www/html/config.php
[22:46:08] WARNING CONFIG_CHANGE | Config file modified: /etc/hosts
[22:46:10] INFO FILE_ACCESS | sshd event: file access
[22:46:12] WARNING PRIVILEGE_ESCALATION | User 'root' executed 'sudo' command
[22:46:13] WARNING HTTP_REQUEST | HTTP 404 /wp-admin
[22:46:14] INFO NETWORK_CONN | nginx event: network conn
[22:46:15] INFO DNS_QUERY | cron event: dns query
[22:46:16] WARNING PRIVILEGE_ESCALATION | User 'system' executed 'sudo' command
[22:46:18] INFO DNS_QUERY | vsftpd event: dns query
[22:46:20] INFO FILE_ACCESS | nginx event: file access
[22:46:21] INFO DNS_QUERY | mysql event: dns query
[22:46:22] INFO FIREWALL_BLOCK | Blocked inbound 218.146.64.17:23
[22:46:23] WARNING CONFIG_CHANGE | Config file modified: /etc/ssh/sshd_config
[22:46:25] INFO DNS_QUERY | apache2 event: dns query
[22:46:26] WARNING LOGIN_FAILURE | Failed login for 'system' from 192.168.1.94
[22:46:28] WARNING LOGIN_FAILURE | Failed login for 'service' from 192.168.1.223
[22:46:30] WARNING CONFIG_CHANGE | Config file modified: /etc/passwd
[22:46:31] INFO NETWORK_CONN | nginx event: network conn
[22:46:32] WARNING CONFIG_CHANGE | Config file modified: /etc/hosts
[22:46:33] INFO LOGIN_SUCCESS | User 'service' authenticated via vsftpd
[22:46:34] WARNING LOGIN_FAILURE | Failed login for 'root' from 192.168.1.159
[22:46:37] INFO DNS_QUERY | sshd event: dns query
[22:46:38] INFO FIREWALL_BLOCK | Blocked inbound 243.20.180.229:3389
[22:46:39] INFO DNS_QUERY | nginx event: dns query
[22:46:40] INFO FILE_ACCESS | systemd event: file access
[22:46:41] INFO FILE_ACCESS | nginx event: file access
[22:46:42] INFO PROCESS_START | apache2 event: process start
[22:46:44] WARNING CONFIG_CHANGE | Config file modified: /etc/sudoers
[22:46:46] WARNING PRIVILEGE_ESCALATION | User 'root' executed 'sudo' command
[22:46:47] INFO PROCESS_START | systemd event: process start
[22:46:49] INFO NETWORK_CONN | sshd event: network conn
[22:46:51] INFO FIREWALL_BLOCK | Blocked inbound 85.124.249.2:23
[22:46:53] INFO NETWORK_CONN | nginx event: network conn
[22:46:55] INFO NETWORK_CONN | sshd event: network conn
[22:46:57] INFO FIREWALL_BLOCK | Blocked inbound 57.183.137.43:445
[22:46:58] WARNING CONFIG_CHANGE | Config file modified: /etc/passwd
[22:47:00] INFO NETWORK_CONN | systemd event: network conn
[22:47:02] INFO PROCESS_START | apache2 event: process start
[22:47:04] INFO FIREWALL_BLOCK | Blocked inbound 47.91.153.106:3306
[22:47:06] INFO NETWORK_CONN | mysql event: network conn
[22:47:08] INFO DNS_QUERY | vsftpd event: dns query
[22:47:09] INFO LOGIN_SUCCESS | User 'alice' authenticated via sshd
[22:47:10] INFO FILE_ACCESS | cron event: file access
[22:47:11] WARNING CONFIG_CHANGE | Config file modified: /var/www/html/config.php
[22:47:12] WARNING LOGIN_FAILURE | Failed login for 'root' from 192.168.1.84
[22:47:14] INFO FIREWALL_BLOCK | Blocked inbound 3.54.47.246:3389
[22:47:16] INFO LOGIN_SUCCESS | User 'system' authenticated via vsftpd
[22:47:18] WARNING LOGIN_FAILURE | Failed login for 'john' from 192.168.1.198
[22:47:19] INFO FIREWALL_BLOCK | Blocked inbound 181.87.201.229:23
[22:47:20] WARNING LOGIN_FAILURE | Failed login for 'alice' from 192.168.1.75
[22:47:22] INFO NETWORK_CONN | cron event: network conn
[22:47:23] INFO LOGIN_SUCCESS | User 'root' authenticated via nginx
[22:47:25] WARNING CONFIG_CHANGE | Config file modified: /var/www/html/config.php
[22:47:25] INFO PROCESS_START | vsftpd event: process start
[22:47:27] WARNING LOGIN_FAILURE | Failed login for 'admin' from 192.168.1.254
[22:47:28] INFO FIREWALL_BLOCK | Blocked inbound 52.207.29.120:22
[22:47:29] INFO PROCESS_START | cron event: process start
[22:47:31] INFO HTTP_REQUEST | HTTP 200 /
[22:47:32] INFO DNS_QUERY | cron event: dns query
[22:47:33] INFO LOGIN_SUCCESS | User 'john' authenticated via nginx
[22:47:35] WARNING CONFIG_CHANGE | Config file modified: /var/www/html/config.php
[22:47:36] INFO FILE_ACCESS | systemd event: file access
[22:47:38] INFO DNS_QUERY | nginx event: dns query
[22:47:39] WARNING PRIVILEGE_ESCALATION | User 'john' executed 'sudo' command
[22:47:40] INFO DNS_QUERY | cron event: dns query
[22:47:43] WARNING LOGIN_FAILURE | Failed login for 'system' from 192.168.1.15
[22:47:43] WARNING LOGIN_FAILURE | Failed login for 'admin' from 192.168.1.4
[22:47:45] WARNING PRIVILEGE_ESCALATION | User 'john' executed 'sudo' command
[22:47:46] WARNING PRIVILEGE_ESCALATION | User 'admin' executed 'sudo' command
[22:47:48] INFO HTTP_REQUEST | HTTP 200 /admin
[22:47:48] WARNING PRIVILEGE_ESCALATION | User 'john' executed 'sudo' command
[22:47:49] INFO FILE_ACCESS | vsftpd event: file access
[22:47:51] INFO NETWORK_CONN | sshd event: network conn
[22:47:53] WARNING HTTP_REQUEST | HTTP 500 /login
[22:47:55] INFO NETWORK_CONN | apache2 event: network conn
[22:47:57] INFO NETWORK_CONN | sshd event: network conn
[22:47:59] INFO LOGIN_SUCCESS | User 'alice' authenticated via apache2
[22:48:01] INFO LOGIN_SUCCESS | User 'system' authenticated via sshd
[22:48:03] INFO NETWORK_CONN | nginx event: network conn
[22:48:05] INFO DNS_QUERY | nginx event: dns query
[22:48:07] INFO LOGIN_SUCCESS | User 'john' authenticated via nginx
[22:48:08] INFO FIREWALL_BLOCK | Blocked inbound 93.97.190.239:22
[22:48:10] INFO FIREWALL_BLOCK | Blocked inbound 22.210.170.208:445
[22:48:12] INFO PROCESS_START | sshd event: process start
[22:48:12] INFO LOGIN_SUCCESS | User 'system' authenticated via mysql
[22:48:14] INFO LOGIN_SUCCESS | User 'john' authenticated via sshd
[22:48:16] WARNING PRIVILEGE_ESCALATION | User 'john' executed 'sudo' command
[22:48:17] INFO PROCESS_START | cron event: process start
[22:48:18] INFO LOGIN_SUCCESS | User 'john' authenticated via systemd
[22:48:21] WARNING CONFIG_CHANGE | Config file modified: /var/www/html/config.php
[22:48:22] WARNING PRIVILEGE_ESCALATION | User 'root' executed 'sudo' command
